This is pdfTeX, Version 3.141592653-2.6-1.40.23 (MiKTeX 21.8) (preloaded format=pdflatex 2021.11.6)  11 NOV 2021 17:35
entering extended mode
**./Kinematics.tex
(Kinematics.tex
LaTeX2e <2021-06-01> patch level 1
L3 programming layer <2021-08-27> (D:\MiKTeX\tex/latex/base\article.cls
Document Class: article 2021/02/12 v1.4n Standard LaTeX document class
(D:\MiKTeX\tex/latex/base\size10.clo
File: size10.clo 2021/02/12 v1.4n Standard LaTeX file (size option)
)
\c@part=\count182
\c@section=\count183
\c@subsection=\count184
\c@subsubsection=\count185
\c@paragraph=\count186
\c@subparagraph=\count187
\c@figure=\count188
\c@table=\count189
\abovecaptionskip=\skip47
\belowcaptionskip=\skip48
\bibindent=\dimen138
)
(D:\MiKTeX\tex/latex/graphics\graphicx.sty
Package: graphicx 2020/12/05 v1.2c Enhanced LaTeX Graphics (DPC,SPQR)

(D:\MiKTeX\tex/latex/graphics\keyval.sty
Package: keyval 2014/10/28 v1.15 key=value parser (DPC)
\KV@toks@=\toks16
)
(D:\MiKTeX\tex/latex/graphics\graphics.sty
Package: graphics 2021/03/04 v1.4d Standard LaTeX Graphics (DPC,SPQR)

(D:\MiKTeX\tex/latex/graphics\trig.sty
Package: trig 2016/01/03 v1.10 sin cos tan (DPC)
)
(D:\MiKTeX\tex/latex/graphics-cfg\graphics.cfg
File: graphics.cfg 2016/06/04 v1.11 sample graphics configuration
)
Package graphics Info: Driver file: pdftex.def on input line 107.

(D:\MiKTeX\tex/latex/graphics-def\pdftex.def
File: pdftex.def 2020/10/05 v1.2a Graphics/color driver for pdftex
))
\Gin@req@height=\dimen139
\Gin@req@width=\dimen140
)
(D:\MiKTeX\tex/latex/amsmath\amsmath.sty
Package: amsmath 2021/04/20 v2.17j AMS math features
\@mathmargin=\skip49

For additional information on amsmath, use the `?' option.
(D:\MiKTeX\tex/latex/amsmath\amstext.sty
Package: amstext 2000/06/29 v2.01 AMS text

(D:\MiKTeX\tex/latex/amsmath\amsgen.sty
File: amsgen.sty 1999/11/30 v2.0 generic functions
\@emptytoks=\toks17
\ex@=\dimen141
))
(D:\MiKTeX\tex/latex/amsmath\amsbsy.sty
Package: amsbsy 1999/11/29 v1.2d Bold Symbols
\pmbraise@=\dimen142
)
(D:\MiKTeX\tex/latex/amsmath\amsopn.sty
Package: amsopn 2016/03/08 v2.02 operator names
)
\inf@bad=\count190
LaTeX Info: Redefining \frac on input line 234.
\uproot@=\count191
\leftroot@=\count192
LaTeX Info: Redefining \overline on input line 399.
\classnum@=\count193
\DOTSCASE@=\count194
LaTeX Info: Redefining \ldots on input line 496.
LaTeX Info: Redefining \dots on input line 499.
LaTeX Info: Redefining \cdots on input line 620.
\Mathstrutbox@=\box50
\strutbox@=\box51
\big@size=\dimen143
LaTeX Font Info:    Redeclaring font encoding OML on input line 743.
LaTeX Font Info:    Redeclaring font encoding OMS on input line 744.
\macc@depth=\count195
\c@MaxMatrixCols=\count196
\dotsspace@=\muskip16
\c@parentequation=\count197
\dspbrk@lvl=\count198
\tag@help=\toks18
\row@=\count199
\column@=\count266
\maxfields@=\count267
\andhelp@=\toks19
\eqnshift@=\dimen144
\alignsep@=\dimen145
\tagshift@=\dimen146
\tagwidth@=\dimen147
\totwidth@=\dimen148
\lineht@=\dimen149
\@envbody=\toks20
\multlinegap=\skip50
\multlinetaggap=\skip51
\mathdisplay@stack=\toks21
LaTeX Info: Redefining \[ on input line 2923.
LaTeX Info: Redefining \] on input line 2924.
)
(D:\MiKTeX\tex/latex/l3backend\l3backend-pdftex.def
File: l3backend-pdftex.def 2021-08-04 L3 backend support: PDF output (pdfTeX)
\l__color_backend_stack_int=\count268
\l__pdf_internal_box=\box52
) (Kinematics.aux)
\openout1 = `Kinematics.aux'.

LaTeX Font Info:    Checking defaults for OML/cmm/m/it on input line 10.
LaTeX Font Info:    ... okay on input line 10.
LaTeX Font Info:    Checking defaults for OMS/cmsy/m/n on input line 10.
LaTeX Font Info:    ... okay on input line 10.
LaTeX Font Info:    Checking defaults for OT1/cmr/m/n on input line 10.
LaTeX Font Info:    ... okay on input line 10.
LaTeX Font Info:    Checking defaults for T1/cmr/m/n on input line 10.
LaTeX Font Info:    ... okay on input line 10.
LaTeX Font Info:    Checking defaults for TS1/cmr/m/n on input line 10.
LaTeX Font Info:    ... okay on input line 10.
LaTeX Font Info:    Checking defaults for OMX/cmex/m/n on input line 10.
LaTeX Font Info:    ... okay on input line 10.
LaTeX Font Info:    Checking defaults for U/cmr/m/n on input line 10.
LaTeX Font Info:    ... okay on input line 10.

(D:\MiKTeX\tex/context/base/mkii\supp-pdf.mkii
[Loading MPS to PDF converter (version 2006.09.02).]
\scratchcounter=\count269
\scratchdimen=\dimen150
\scratchbox=\box53
\nofMPsegments=\count270
\nofMParguments=\count271
\everyMPshowfont=\toks22
\MPscratchCnt=\count272
\MPscratchDim=\dimen151
\MPnumerator=\count273
\makeMPintoPDFobject=\count274
\everyMPtoPDFconversion=\toks23
) (D:\MiKTeX\tex/latex/epstopdf-pkg\epstopdf-base.sty
Package: epstopdf-base 2020-01-24 v2.11 Base part for package epstopdf

(D:\MiKTeX\tex/generic/infwarerr\infwarerr.sty
Package: infwarerr 2019/12/03 v1.5 Providing info/warning/error messages (HO)
)
(D:\MiKTeX\tex/latex/grfext\grfext.sty
Package: grfext 2019/12/03 v1.3 Manage graphics extensions (HO)

(D:\MiKTeX\tex/generic/kvdefinekeys\kvdefinekeys.sty
Package: kvdefinekeys 2019-12-19 v1.6 Define keys (HO)
))
(D:\MiKTeX\tex/latex/kvoptions\kvoptions.sty
Package: kvoptions 2020-10-07 v3.14 Key value format for package options (HO)

(D:\MiKTeX\tex/generic/ltxcmds\ltxcmds.sty
Package: ltxcmds 2020-05-10 v1.25 LaTeX kernel commands for general use (HO)
)
(D:\MiKTeX\tex/generic/kvsetkeys\kvsetkeys.sty
Package: kvsetkeys 2019/12/15 v1.18 Key value parser (HO)
))
(D:\MiKTeX\tex/generic/pdftexcmds\pdftexcmds.sty
Package: pdftexcmds 2020-06-27 v0.33 Utility functions of pdfTeX for LuaTeX (HO
)

(D:\MiKTeX\tex/generic/iftex\iftex.sty
Package: iftex 2020/03/06 v1.0d TeX engine tests
)
Package pdftexcmds Info: \pdf@primitive is available.
Package pdftexcmds Info: \pdf@ifprimitive is available.
Package pdftexcmds Info: \pdfdraftmode found.
)
Package epstopdf-base Info: Redefining graphics rule for `.eps' on input line 4
85.
Package grfext Info: Graphics extension search list:
(grfext)             [.pdf,.png,.jpg,.mps,.jpeg,.jbig2,.jb2,.PDF,.PNG,.JPG,.JPE
G,.JBIG2,.JB2,.eps]
(grfext)             \AppendGraphicsExtensions on input line 504.

(D:\MiKTeX\tex/latex/00miktex\epstopdf-sys.cfg
File: epstopdf-sys.cfg 2021/03/18 v2.0 Configuration of epstopdf for MiKTeX
)) [1

{C:/Users/Nils Becker/AppData/Local/MiKTeX/pdftex/config/pdftex.map}]
<c:/users/Nils Becker/downloads//for.jpg, id=9, 3267.20625pt x 4355.27126pt>
File: c:/users/Nils Becker/downloads//for.jpg Graphic file (type jpg)
<use c:/users/Nils Becker/downloads//for.jpg>
Package pdftex.def Info: c:/users/Nils Becker/downloads//for.jpg  used on input
 line 19.
(pdftex.def)             Requested size: 261.38184pt x 348.42882pt.
 [2 <c:/users/Nils Becker/downloads//for.jpg>]
Overfull \hbox (7.68205pt too wide) in paragraph at lines 26--26
\OT1/cmr/m/n/10 T = T$[]$R$[]$(q1)T$[]$(l1)R$[]$(q2)T$[]$(l2)R$[]$(q3)T$[]$(l3)
R$[]$(q4)R$[]$(q5)R$[]$(q6)T$[]$ 
 []


Underfull \hbox (badness 10000) in paragraph at lines 30--33

 []

[3]
Underfull \hbox (badness 10000) in paragraph at lines 79--81

 []


Underfull \hbox (badness 10000) in paragraph at lines 91--94

 []

[4]
Underfull \hbox (badness 10000) in paragraph at lines 109--110

 []

<c:/users/Nils Becker/downloads//p1.png, id=27, 748.29562pt x 230.36063pt>
File: c:/users/Nils Becker/downloads//p1.png Graphic file (type png)
<use c:/users/Nils Becker/downloads//p1.png>
Package pdftex.def Info: c:/users/Nils Becker/downloads//p1.png  used on input 
line 113.
(pdftex.def)             Requested size: 374.1469pt x 115.18002pt.

Underfull \hbox (badness 10000) in paragraph at lines 111--114

 []


Overfull \hbox (29.1469pt too wide) in paragraph at lines 111--114
[] 
 []

<c:/users/Nils Becker/downloads//p2.png, id=29, 858.20625pt x 146.79843pt>
File: c:/users/Nils Becker/downloads//p2.png Graphic file (type png)
<use c:/users/Nils Becker/downloads//p2.png>
Package pdftex.def Info: c:/users/Nils Becker/downloads//p2.png  used on input 
line 117.
(pdftex.def)             Requested size: 429.10208pt x 73.39903pt.

Overfull \hbox (84.10208pt too wide) in paragraph at lines 115--118
[] 
 []

[5 <c:/users/Nils Becker/downloads//p1.png> <c:/users/Nils Becker/downloads//p2
.png>]
<c:/users/Nils Becker/downloads//p3.png, id=35, 907.89188pt x 283.81032pt>
File: c:/users/Nils Becker/downloads//p3.png Graphic file (type png)
<use c:/users/Nils Becker/downloads//p3.png>
Package pdftex.def Info: c:/users/Nils Becker/downloads//p3.png  used on input 
line 122.
(pdftex.def)             Requested size: 453.94482pt x 141.9048pt.
<c:/users/Nils Becker/downloads//p4.png, id=36, 928.97063pt x 282.30469pt>
File: c:/users/Nils Becker/downloads//p4.png Graphic file (type png)
<use c:/users/Nils Becker/downloads//p4.png>
Package pdftex.def Info: c:/users/Nils Becker/downloads//p4.png  used on input 
line 126.
(pdftex.def)             Requested size: 464.48418pt x 141.152pt.

Underfull \hbox (badness 10000) in paragraph at lines 120--127

 []


Overfull \hbox (108.94482pt too wide) in paragraph at lines 120--127
[] 
 []


Underfull \hbox (badness 10000) in paragraph at lines 120--127

 []


Underfull \hbox (badness 10000) in paragraph at lines 120--127

 []


Overfull \hbox (119.48418pt too wide) in paragraph at lines 120--127
[] 
 []

[6 <c:/users/Nils Becker/downloads//p3.png> <c:/users/Nils Becker/downloads//p4
.png>]
<c:/users/Nils Becker/downloads//p5.png, id=42, 898.10532pt x 284.56313pt>
File: c:/users/Nils Becker/downloads//p5.png Graphic file (type png)
<use c:/users/Nils Becker/downloads//p5.png>
Package pdftex.def Info: c:/users/Nils Becker/downloads//p5.png  used on input 
line 132.
(pdftex.def)             Requested size: 449.05156pt x 142.2812pt.
<c:/users/Nils Becker/downloads//p6.png, id=43, 906.38625pt x 310.91156pt>
File: c:/users/Nils Becker/downloads//p6.png Graphic file (type png)
<use c:/users/Nils Becker/downloads//p6.png>
Package pdftex.def Info: c:/users/Nils Becker/downloads//p6.png  used on input 
line 136.
(pdftex.def)             Requested size: 453.19202pt x 155.45538pt.

Underfull \hbox (badness 10000) in paragraph at lines 129--137

 []


Underfull \hbox (badness 10000) in paragraph at lines 129--137

 []


Overfull \hbox (104.05156pt too wide) in paragraph at lines 129--137
[] 
 []


Underfull \hbox (badness 10000) in paragraph at lines 129--137

 []


Underfull \hbox (badness 10000) in paragraph at lines 129--137

 []


Overfull \hbox (108.19202pt too wide) in paragraph at lines 129--137
[] 
 []

[7 <c:/users/Nils Becker/downloads//p5.png> <c:/users/Nils Becker/downloads//p6
.png>]
Underfull \hbox (badness 10000) in paragraph at lines 140--142

 []


Underfull \hbox (badness 10000) in paragraph at lines 143--146

 []


Underfull \hbox (badness 10000) in paragraph at lines 143--146

 []

<c:/users/Nils Becker/downloads//p7.png, id=50, 545.78906pt x 465.99094pt>
File: c:/users/Nils Becker/downloads//p7.png Graphic file (type png)
<use c:/users/Nils Becker/downloads//p7.png>
Package pdftex.def Info: c:/users/Nils Becker/downloads//p7.png  used on input 
line 149.
(pdftex.def)             Requested size: 185.56581pt x 158.43481pt.

Underfull \hbox (badness 10000) in paragraph at lines 147--150

 []


Underfull \hbox (badness 10000) in paragraph at lines 147--150

 []


Underfull \hbox (badness 10000) in paragraph at lines 147--150

 []

<c:/users/Nils Becker/downloads//p8.png, id=51, 584.93532pt x 491.58656pt>
File: c:/users/Nils Becker/downloads//p8.png Graphic file (type png)
<use c:/users/Nils Becker/downloads//p8.png>
Package pdftex.def Info: c:/users/Nils Becker/downloads//p8.png  used on input 
line 156.
(pdftex.def)             Requested size: 198.87537pt x 167.1372pt.

Underfull \hbox (badness 10000) in paragraph at lines 151--157

 []


Underfull \hbox (badness 10000) in paragraph at lines 151--157

 []


Underfull \hbox (badness 10000) in paragraph at lines 151--157

 []


Underfull \hbox (badness 10000) in paragraph at lines 151--157

 []


Underfull \hbox (badness 10000) in paragraph at lines 151--157

 []

[8 <c:/users/Nils Becker/downloads//p7.png>] [9 <c:/users/Nils Becker/downloads
//p8.png>] (Kinematics.aux) ) 
Here is how much of TeX's memory you used:
 2475 strings out of 478927
 36528 string characters out of 2869000
 338626 words of memory out of 3000000
 20317 multiletter control sequences out of 15000+600000
 408813 words of font info for 46 fonts, out of 8000000 for 9000
 1141 hyphenation exceptions out of 8191
 61i,7n,70p,481b,193s stack positions out of 5000i,500n,10000p,200000b,80000s
<D:/MiKTeX/fonts/type1/public/amsfonts/cm/cmbx10.p
fb><D:/MiKTeX/fonts/type1/public/amsfonts/cm/cmbx12.pfb><D:/MiKTeX/fonts/type1/
public/amsfonts/cm/cmex10.pfb><D:/MiKTeX/fonts/type1/public/amsfonts/cm/cmmi10.
pfb><D:/MiKTeX/fonts/type1/public/amsfonts/cm/cmmi7.pfb><D:/MiKTeX/fonts/type1/
public/amsfonts/cm/cmmi8.pfb><D:/MiKTeX/fonts/type1/public/amsfonts/cm/cmr10.pf
b><D:/MiKTeX/fonts/type1/public/amsfonts/cm/cmr12.pfb><D:/MiKTeX/fonts/type1/pu
blic/amsfonts/cm/cmr17.pfb><D:/MiKTeX/fonts/type1/public/amsfonts/cm/cmr7.pfb><
D:/MiKTeX/fonts/type1/public/amsfonts/cm/cmsy10.pfb><D:/MiKTeX/fonts/type1/publ
ic/amsfonts/cm/cmsy7.pfb>
Output written on Kinematics.pdf (9 pages, 2335274 bytes).
PDF statistics:
 110 PDF objects out of 1000 (max. 8388607)
 0 named destinations out of 1000 (max. 500000)
 46 words of extra memory for PDF output out of 10000 (max. 10000000)

